2017-10-30 12:58:01,943 - CUMHELPER-6019 - INFO - stanby
2017-10-30 12:58:01,951 - CUMHELPER-6019 - INFO - /say_eng { Hello, I am CommU. }
2017-10-30 12:58:58,645 - CUMHELPER-6019 - INFO - stanby
2017-10-30 12:58:58,652 - CUMHELPER-6019 - INFO - /say_eng { Hello, I am CommU. }
2017-10-30 12:59:02,389 - CUMHELPER-6019 - INFO - /say_eng { Hey there, nice to meet you! }
2017-10-30 12:59:05,378 - CUMHELPER-6019 - INFO - /say_eng { Can I ask you a question? }
2017-10-30 12:59:11,219 - CUMHELPER-6019 - INFO - /say_eng { Have you ever talked to a robot before? }
2017-10-30 13:05:28,200 - CUMHELPER-6019 - INFO - stanby
2017-10-30 13:05:28,207 - CUMHELPER-6019 - INFO - /say_eng { Hello, I am CommU. }
2017-10-30 13:05:31,292 - CUMHELPER-6019 - INFO - /say_eng { Hey there, nice to meet you! }
2017-10-30 13:05:34,283 - CUMHELPER-6019 - INFO - /say_eng { Can I ask you a question? }
2017-10-30 13:05:40,119 - CUMHELPER-6019 - INFO - /say_eng { Have you ever talked to a robot before? }
2017-10-30 13:28:51,047 - CUMHELPER-6019 - INFO - stanby
2017-10-30 13:28:51,050 - CUMHELPER-6019 - INFO - /say_eng { Hello, I am CommU. }
2017-10-30 13:28:52,687 - CUMHELPER-6019 - INFO - /say_eng { Hey there, nice to meet you! }
2017-10-30 13:28:55,675 - CUMHELPER-6019 - INFO - /say_eng { Can I ask you a question? }
2017-10-30 13:29:01,511 - CUMHELPER-6019 - INFO - /say_eng { Have you ever talked to a robot before? }
2017-10-30 13:30:28,769 - CUMHELPER-6019 - INFO - stanby
2017-10-30 13:30:28,775 - CUMHELPER-6019 - INFO - /say_eng { Hello, I am CommU. }
2017-10-30 13:30:31,926 - CUMHELPER-6019 - INFO - /say_eng { That's a nice chair. }
2017-10-30 13:30:34,514 - CUMHELPER-6019 - INFO - /say_eng { I've always liked that kind of chair }
2017-10-30 13:30:37,907 - CUMHELPER-6019 - INFO - /say_eng { Do you like it? }
2017-10-30 13:31:25,337 - CUMHELPER-6019 - INFO - stanby
2017-10-30 13:31:25,344 - CUMHELPER-6019 - INFO - /say_eng { Hello, I am CommU. }
2017-10-30 13:31:28,518 - CUMHELPER-6019 - INFO - /say_eng { That's a nice chair. }
2017-10-30 13:31:31,091 - CUMHELPER-6019 - INFO - /say_eng { I've always liked that kind of chair }
2017-10-30 13:31:34,491 - CUMHELPER-6019 - INFO - /say_eng { Do you like it? }
2017-10-30 13:31:44,688 - CUMHELPER-6019 - INFO - /say_eng { That's nice }
2017-10-30 13:31:46,808 - CUMHELPER-6019 - INFO - /say_eng { Hey there, nice to meet you! }
2017-10-30 13:31:49,791 - CUMHELPER-6019 - INFO - /say_eng { Can I ask you a question? }
2017-10-30 13:31:55,631 - CUMHELPER-6019 - INFO - /say_eng { Have you ever talked to a robot before? }
2017-10-30 13:32:03,402 - CUMHELPER-6019 - INFO - /say_eng { Well, there's a first time for everything. }
2017-10-30 13:32:07,108 - CUMHELPER-6019 - INFO - /say_eng { Let's have a chat. }
2017-10-30 13:33:52,790 - CUMHELPER-6019 - INFO - stanby
2017-10-30 13:33:52,796 - CUMHELPER-6019 - INFO - /say_eng { Hello, I am CommU. }
2017-10-30 13:33:55,887 - CUMHELPER-6019 - INFO - /say_eng { Hey there, nice to meet you! }
2017-10-30 13:33:58,871 - CUMHELPER-6019 - INFO - /say_eng { Can I ask you a question? }
2017-10-30 13:34:04,712 - CUMHELPER-6019 - INFO - /say_eng { Have you ever talked to a robot before? }
2017-10-30 13:34:11,942 - CUMHELPER-6019 - INFO - /say_eng { Cool, what was his name? }
2017-10-30 13:34:17,735 - CUMHELPER-6019 - INFO - /say_eng { I met him yesterday, he's such a nice person! }
2017-10-30 13:34:21,592 - CUMHELPER-6019 - INFO - /say_eng { Let's have a chat. }
2017-10-30 13:34:24,072 - CUMHELPER-6019 - INFO - /say_eng { That's a nice chair. }
2017-10-30 13:34:26,657 - CUMHELPER-6019 - INFO - /say_eng { I've always liked that kind of chair }
2017-10-30 13:34:30,051 - CUMHELPER-6019 - INFO - /say_eng { Do you like it? }
2017-10-30 13:34:35,494 - CUMHELPER-6019 - INFO - /say_eng { I still think it's cool }
